2023-08-31 12:55:22,673.defensive_math.INFO ==================================================
2023-08-31 12:55:22,673.defensive_math.INFO Today is 2023-08-31 at 12:55 PM
2023-08-31 12:55:22,673.defensive_math.INFO Running on: posix Darwin 21.1.0
2023-08-31 12:55:22,673.defensive_math.INFO Python version:  3.11.4
2023-08-31 12:55:22,673.defensive_math.INFO Python path: /Library/Frameworks/Python.framework/Versions/3.11
2023-08-31 12:55:22,673.defensive_math.INFO Working dir: /Users/prabha/Documents/CSIS-44608/datafun-02-functions
2023-08-31 12:55:22,673.defensive_math.INFO ==================================================
2023-08-31 12:55:22,673.defensive_math.INFO Explore some functions in the math module
2023-08-31 12:55:22,673.defensive_math.INFO math.comb(5,1) = 5
2023-08-31 12:55:22,673.defensive_math.INFO math.perm(5,1) = 5
2023-08-31 12:55:22,673.defensive_math.INFO math.comb(5,3) = 10
2023-08-31 12:55:22,673.defensive_math.INFO math.perm(5,3) = 60
2023-08-31 12:55:22,674.defensive_math.INFO math.pi = 3.141592653589793
2023-08-31 12:55:22,674.defensive_math.INFO math.degrees(2 * math.pi) = 360.0
2023-08-31 12:55:22,674.defensive_math.INFO math.radians(180)         = 3.141592653589793
2023-08-31 12:55:22,674.defensive_math.INFO 
2023-08-31 12:55:22,674.defensive_math.INFO TRY: Call get_circle_area_given_radius() function with a different values.
2023-08-31 12:55:22,674.defensive_math.INFO CALLING get_circle_area(5)
2023-08-31 12:55:22,674.defensive_math.INFO The circle area is 31.41592653589793
2023-08-31 12:55:22,674.defensive_math.INFO CALLING get_circle_area(-16)
2023-08-31 12:55:22,674.defensive_math.INFO The circle area is -100.53096491487338
2023-08-31 12:55:22,674.defensive_math.INFO CALLING get_circle_area(inf)
2023-08-31 12:55:22,674.defensive_math.INFO The circle area is inf
2023-08-31 12:55:22,674.defensive_math.INFO CALLING get_circle_area(five)
2023-08-31 12:55:22,674.defensive_math.ERROR Error: can't multiply sequence by non-int of type 'float'
2023-08-31 12:55:22,674.defensive_math.INFO 
2023-08-31 12:55:22,674.defensive_math.INFO TRY: Call get_circle_areas_given_list() function with a list of GOOD values
2023-08-31 12:55:22,674.defensive_math.INFO CALLING get_circle_area([5, 10, 25, 30, 45, 50])
2023-08-31 12:55:22,674.defensive_math.INFO CALLING get_circle_area(5)
2023-08-31 12:55:22,674.defensive_math.INFO The circle area is 31.41592653589793
2023-08-31 12:55:22,674.defensive_math.INFO r = 5, area=31.41592653589793
2023-08-31 12:55:22,674.defensive_math.INFO CALLING get_circle_area(10)
2023-08-31 12:55:22,674.defensive_math.INFO The circle area is 62.83185307179586
2023-08-31 12:55:22,674.defensive_math.INFO r = 10, area=62.83185307179586
2023-08-31 12:55:22,674.defensive_math.INFO CALLING get_circle_area(25)
2023-08-31 12:55:22,674.defensive_math.INFO The circle area is 157.07963267948966
2023-08-31 12:55:22,674.defensive_math.INFO r = 25, area=157.07963267948966
2023-08-31 12:55:22,674.defensive_math.INFO CALLING get_circle_area(30)
2023-08-31 12:55:22,674.defensive_math.INFO The circle area is 188.49555921538757
2023-08-31 12:55:22,674.defensive_math.INFO r = 30, area=188.49555921538757
2023-08-31 12:55:22,674.defensive_math.INFO CALLING get_circle_area(45)
2023-08-31 12:55:22,674.defensive_math.INFO The circle area is 282.7433388230814
2023-08-31 12:55:22,674.defensive_math.INFO r = 45, area=282.7433388230814
2023-08-31 12:55:22,674.defensive_math.INFO CALLING get_circle_area(50)
2023-08-31 12:55:22,674.defensive_math.INFO The circle area is 314.1592653589793
2023-08-31 12:55:22,674.defensive_math.INFO r = 50, area=314.1592653589793
2023-08-31 12:55:22,674.defensive_math.INFO 
2023-08-31 12:55:22,674.defensive_math.INFO TRY: Call get_circle_areas_given_list() function with a list that may include BAD values
2023-08-31 12:55:22,674.defensive_math.INFO CALLING get_circle_area([-5, 0, inf, '30'])
2023-08-31 12:55:22,674.defensive_math.INFO CALLING get_circle_area(-5)
2023-08-31 12:55:22,674.defensive_math.INFO The circle area is -31.41592653589793
2023-08-31 12:55:22,674.defensive_math.INFO r = -5, area=-31.41592653589793
2023-08-31 12:55:22,674.defensive_math.INFO CALLING get_circle_area(0)
2023-08-31 12:55:22,674.defensive_math.INFO The circle area is 0.0
2023-08-31 12:55:22,674.defensive_math.INFO r = 0, area=0.0
2023-08-31 12:55:22,675.defensive_math.INFO CALLING get_circle_area(inf)
2023-08-31 12:55:22,675.defensive_math.INFO The circle area is inf
2023-08-31 12:55:22,675.defensive_math.INFO r = inf, area=inf
2023-08-31 12:55:22,675.defensive_math.INFO CALLING get_circle_area(30)
2023-08-31 12:55:22,675.defensive_math.ERROR Error: can't multiply sequence by non-int of type 'float'
2023-08-31 12:55:22,675.defensive_math.INFO r = 30, area=None
